Logger:         	Automatically truncated logfile to 1048576, MadelineProto 8.0.0-beta189
SessionPaths:   	Waiting for exclusive lock of /var/www/laravel-userbot.local/public/storage/sessions/79234093530.madeline/safe.php.lock...
SessionPaths:   	Got exclusive lock of /var/www/laravel-userbot.local/public/storage/sessions/79234093530.madeline/safe.php.lock...
SessionPaths:   	Waiting for exclusive lock of /var/www/laravel-userbot.local/public/storage/sessions/79234093530.madeline/lightState.php.lock...
SessionPaths:   	Got exclusive lock of /var/www/laravel-userbot.local/public/storage/sessions/79234093530.madeline/lightState.php.lock...
APIWrapper:     	Saved session!
Session:        	Can't garbage collect incoming message resPQ in DC 2, not handled yet!
Session:        	Can't garbage collect incoming message resPQ in DC 2, not handled yet!
Session:        	Can't garbage collect incoming message resPQ in DC 2, not handled yet!
Session:        	Can't garbage collect incoming message resPQ in DC 2, not handled yet!
Session:        	Can't garbage collect incoming message resPQ in DC 2, not handled yet!
Session:        	Can't garbage collect incoming message resPQ in DC 2, not handled yet!
Session:        	Can't garbage collect incoming message resPQ in DC 2, not handled yet!
Session:        	Can't garbage collect incoming message resPQ in DC 2, not handled yet!
Session:        	Can't garbage collect incoming message resPQ in DC 2, not handled yet!
Session:        	Can't garbage collect incoming message resPQ in DC 2, not handled yet!
Session:        	Can't garbage collect incoming message resPQ in DC 2, not handled yet!
Session:        	Can't garbage collect incoming message resPQ in DC 2, not handled yet!
Session:        	Can't garbage collect incoming message resPQ in DC 2, not handled yet!
Session:        	Garbage collected 0 incoming messages in DC 2, 13 left
Session:        	Can't garbage collect updates.getDifference sent 575 seconds ago in DC 2, no response has been received or it wasn't yet handled!
Session:        	Can't garbage collect req_pq_multi with message ID 7348082645613440984 sent 10 seconds ago in DC 2, no response has been received or it wasn't yet handled!
Session:        	Garbage collected 0 outgoing messages in DC 2, 2 left
CheckLoop:      	Still missing req_pq_multi with message ID 7348082645613440984 sent 10 seconds ago on DC 2.0, resending
CheckLoop:      	Still missing updates.getChannelDifference,  on DC 2.0, sending state request
MTProto:        	Reporting: Network issues detected, please check logs!
MTProto:        	Reporting: Network issues detected, please check logs!
MTProto:        	Reporting: Network issues detected, please check logs!
MTProto:        	Reporting: Network issues detected, please check logs!
MTProto:        	Reporting: Network issues detected, please check logs!
CheckLoop:      	Got exception in check loop for DC 2.0
CheckLoop:      	Amp\TimeoutException: Operation timed out (Enable assertions for a backtrace of the Amp\TimeoutCancellation creation) in /var/www/laravel-userbot.local/vendor/amphp/amp/src/TimeoutCancellation.php:37
Stack trace:
#0 /var/www/laravel-userbot.local/vendor/revolt/event-loop/src/EventLoop/Internal/AbstractDriver.php(597): Amp\TimeoutCancellation::Amp\{closure}()
#1 [internal function]: Revolt\EventLoop\Internal\AbstractDriver->Revolt\EventLoop\Internal\{closure}()
#2 /var/www/laravel-userbot.local/vendor/revolt/event-loop/src/EventLoop/Internal/AbstractDriver.php(498): Fiber->start()
#3 /var/www/laravel-userbot.local/vendor/revolt/event-loop/src/EventLoop/Internal/AbstractDriver.php(553): Revolt\EventLoop\Internal\AbstractDriver->invokeCallbacks()
#4 [internal function]: Revolt\EventLoop\Internal\AbstractDriver->Revolt\EventLoop\Internal\{closure}()
#5 /var/www/laravel-userbot.local/vendor/revolt/event-loop/src/EventLoop/Internal/AbstractDriver.php(94): Fiber->resume()
#6 /var/www/laravel-userbot.local/vendor/revolt/event-loop/src/EventLoop/Internal/DriverSuspension.php(117): Revolt\EventLoop\Internal\AbstractDriver->Revolt\EventLoop\Internal\{closure}()
#7 /var/www/laravel-userbot.local/vendor/amphp/amp/src/Future.php(251): Revolt\EventLoop\Internal\DriverSuspension->suspend()
#8 /var/www/laravel-userbot.local/vendor/danog/madelineproto/src/Ipc/Server.php(165): Amp\Future->await()
#9 /var/www/laravel-userbot.local/vendor/danog/madelineproto/src/Ipc/Runner/entry.php(119): danog\MadelineProto\Ipc\Server::waitShutdown()
#10 /var/www/laravel-userbot.local/vendor/danog/madelineproto/src/Ipc/Runner/entry.php(154): danog\MadelineProto\Ipc\Runner\{closure}()
#11 {main}

Next Amp\CancelledException: The operation was cancelled in /var/www/laravel-userbot.local/vendor/amphp/amp/src/Internal/Cancellable.php:56
Stack trace:
#0 /var/www/laravel-userbot.local/vendor/amphp/amp/src/Internal/Cancellable.php(47): Amp\Internal\Cancellable->getException()
#1 /var/www/laravel-userbot.local/vendor/amphp/amp/src/TimeoutCancellation.php(37): Amp\Internal\Cancellable->cancel()
#2 /var/www/laravel-userbot.local/vendor/revolt/event-loop/src/EventLoop/Internal/AbstractDriver.php(597): Amp\TimeoutCancellation::Amp\{closure}()
#3 [internal function]: Revolt\EventLoop\Internal\AbstractDriver->Revolt\EventLoop\Internal\{closure}()
#4 /var/www/laravel-userbot.local/vendor/revolt/event-loop/src/EventLoop/Internal/AbstractDriver.php(498): Fiber->start()
#5 /var/www/laravel-userbot.local/vendor/revolt/event-loop/src/EventLoop/Internal/AbstractDriver.php(553): Revolt\EventLoop\Internal\AbstractDriver->invokeCallbacks()
#6 [internal function]: Revolt\EventLoop\Internal\AbstractDriver->Revolt\EventLoop\Internal\{closure}()
#7 /var/www/laravel-userbot.local/vendor/revolt/event-loop/src/EventLoop/Internal/AbstractDriver.php(94): Fiber->resume()
#8 /var/www/laravel-userbot.local/vendor/revolt/event-loop/src/EventLoop/Internal/DriverSuspension.php(117): Revolt\EventLoop\Internal\AbstractDriver->Revolt\EventLoop\Internal\{closure}()
#9 /var/www/laravel-userbot.local/vendor/amphp/amp/src/Future.php(251): Revolt\EventLoop\Internal\DriverSuspension->suspend()
#10 /var/www/laravel-userbot.local/vendor/danog/madelineproto/src/Ipc/Server.php(165): Amp\Future->await()
#11 /var/www/laravel-userbot.local/vendor/danog/madelineproto/src/Ipc/Runner/entry.php(119): danog\MadelineProto\Ipc\Server::waitShutdown()
#12 /var/www/laravel-userbot.local/vendor/danog/madelineproto/src/Ipc/Runner/entry.php(154): danog\MadelineProto\Ipc\Runner\{closure}()
#13 {main}
CheckLoop:      	Still missing updates.getChannelDifference,  on DC 2.0, sending state request
CheckLoop:      	Got exception in check loop for DC 2.0
CheckLoop:      	Amp\TimeoutException: Operation timed out (Enable assertions for a backtrace of the Amp\TimeoutCancellation creation) in /var/www/laravel-userbot.local/vendor/amphp/amp/src/TimeoutCancellation.php:37
Stack trace:
#0 /var/www/laravel-userbot.local/vendor/revolt/event-loop/src/EventLoop/Internal/AbstractDriver.php(597): Amp\TimeoutCancellation::Amp\{closure}()
#1 [internal function]: Revolt\EventLoop\Internal\AbstractDriver->Revolt\EventLoop\Internal\{closure}()
#2 /var/www/laravel-userbot.local/vendor/revolt/event-loop/src/EventLoop/Internal/AbstractDriver.php(497): Fiber->resume()
#3 /var/www/laravel-userbot.local/vendor/revolt/event-loop/src/EventLoop/Internal/AbstractDriver.php(553): Revolt\EventLoop\Internal\AbstractDriver->invokeCallbacks()
#4 [internal function]: Revolt\EventLoop\Internal\AbstractDriver->Revolt\EventLoop\Internal\{closure}()
#5 /var/www/laravel-userbot.local/vendor/revolt/event-loop/src/EventLoop/Internal/AbstractDriver.php(94): Fiber->resume()
#6 /var/www/laravel-userbot.local/vendor/revolt/event-loop/src/EventLoop/Internal/DriverSuspension.php(117): Revolt\EventLoop\Internal\AbstractDriver->Revolt\EventLoop\Internal\{closure}()
#7 /var/www/laravel-userbot.local/vendor/amphp/amp/src/Future.php(251): Revolt\EventLoop\Internal\DriverSuspension->suspend()
#8 /var/www/laravel-userbot.local/vendor/danog/madelineproto/src/Ipc/Server.php(165): Amp\Future->await()
#9 /var/www/laravel-userbot.local/vendor/danog/madelineproto/src/Ipc/Runner/entry.php(119): danog\MadelineProto\Ipc\Server::waitShutdown()
#10 /var/www/laravel-userbot.local/vendor/danog/madelineproto/src/Ipc/Runner/entry.php(154): danog\MadelineProto\Ipc\Runner\{closure}()
#11 {main}

Next Amp\CancelledException: The operation was cancelled in /var/www/laravel-userbot.local/vendor/amphp/amp/src/Internal/Cancellable.php:56
Stack trace:
#0 /var/www/laravel-userbot.local/vendor/amphp/amp/src/Internal/Cancellable.php(47): Amp\Internal\Cancellable->getException()
#1 /var/www/laravel-userbot.local/vendor/amphp/amp/src/TimeoutCancellation.php(37): Amp\Internal\Cancellable->cancel()
#2 /var/www/laravel-userbot.local/vendor/revolt/event-loop/src/EventLoop/Internal/AbstractDriver.php(597): Amp\TimeoutCancellation::Amp\{closure}()
#3 [internal function]: Revolt\EventLoop\Internal\AbstractDriver->Revolt\EventLoop\Internal\{closure}()
#4 /var/www/laravel-userbot.local/vendor/revolt/event-loop/src/EventLoop/Internal/AbstractDriver.php(497): Fiber->resume()
#5 /var/www/laravel-userbot.local/vendor/revolt/event-loop/src/EventLoop/Internal/AbstractDriver.php(553): Revolt\EventLoop\Internal\AbstractDriver->invokeCallbacks()
#6 [internal function]: Revolt\EventLoop\Internal\AbstractDriver->Revolt\EventLoop\Internal\{closure}()
#7 /var/www/laravel-userbot.local/vendor/revolt/event-loop/src/EventLoop/Internal/AbstractDriver.php(94): Fiber->resume()
#8 /var/www/laravel-userbot.local/vendor/revolt/event-loop/src/EventLoop/Internal/DriverSuspension.php(117): Revolt\EventLoop\Internal\AbstractDriver->Revolt\EventLoop\Internal\{closure}()
#9 /var/www/laravel-userbot.local/vendor/amphp/amp/src/Future.php(251): Revolt\EventLoop\Internal\DriverSuspension->suspend()
#10 /var/www/laravel-userbot.local/vendor/danog/madelineproto/src/Ipc/Server.php(165): Amp\Future->await()
#11 /var/www/laravel-userbot.local/vendor/danog/madelineproto/src/Ipc/Runner/entry.php(119): danog\MadelineProto\Ipc\Server::waitShutdown()
#12 /var/www/laravel-userbot.local/vendor/danog/madelineproto/src/Ipc/Runner/entry.php(154): danog\MadelineProto\Ipc\Runner\{closure}()
#13 {main}
MTProto:        	Reporting: Network issues detected, please check logs!
CheckLoop:      	Got exception in check loop for DC 2.0
CheckLoop:      	Amp\TimeoutException: Operation timed out (Enable assertions for a backtrace of the Amp\TimeoutCancellation creation) in /var/www/laravel-userbot.local/vendor/amphp/amp/src/TimeoutCancellation.php:37
Stack trace:
#0 /var/www/laravel-userbot.local/vendor/revolt/event-loop/src/EventLoop/Internal/AbstractDriver.php(597): Amp\TimeoutCancellation::Amp\{closure}()
#1 [internal function]: Revolt\EventLoop\Internal\AbstractDriver->Revolt\EventLoop\Internal\{closure}()
#2 /var/www/laravel-userbot.local/vendor/revolt/event-loop/src/EventLoop/Internal/AbstractDriver.php(497): Fiber->resume()
#3 /var/www/laravel-userbot.local/vendor/revolt/event-loop/src/EventLoop/Internal/AbstractDriver.php(553): Revolt\EventLoop\Internal\AbstractDriver->invokeCallbacks()
#4 [internal function]: Revolt\EventLoop\Internal\AbstractDriver->Revolt\EventLoop\Internal\{closure}()
#5 /var/www/laravel-userbot.local/vendor/revolt/event-loop/src/EventLoop/Internal/AbstractDriver.php(94): Fiber->resume()
#6 /var/www/laravel-userbot.local/vendor/revolt/event-loop/src/EventLoop/Internal/DriverSuspension.php(117): Revolt\EventLoop\Internal\AbstractDriver->Revolt\EventLoop\Internal\{closure}()
#7 /var/www/laravel-userbot.local/vendor/amphp/amp/src/Future.php(251): Revolt\EventLoop\Internal\DriverSuspension->suspend()
#8 /var/www/laravel-userbot.local/vendor/danog/madelineproto/src/Ipc/Server.php(165): Amp\Future->await()
#9 /var/www/laravel-userbot.local/vendor/danog/madelineproto/src/Ipc/Runner/entry.php(119): danog\MadelineProto\Ipc\Server::waitShutdown()
#10 /var/www/laravel-userbot.local/vendor/danog/madelineproto/src/Ipc/Runner/entry.php(154): danog\MadelineProto\Ipc\Runner\{closure}()
#11 {main}

Next Amp\CancelledException: The operation was cancelled in /var/www/laravel-userbot.local/vendor/amphp/amp/src/Internal/Cancellable.php:56
Stack trace:
#0 /var/www/laravel-userbot.local/vendor/amphp/amp/src/Internal/Cancellable.php(47): Amp\Internal\Cancellable->getException()
#1 /var/www/laravel-userbot.local/vendor/amphp/amp/src/TimeoutCancellation.php(37): Amp\Internal\Cancellable->cancel()
#2 /var/www/laravel-userbot.local/vendor/revolt/event-loop/src/EventLoop/Internal/AbstractDriver.php(597): Amp\TimeoutCancellation::Amp\{closure}()
#3 [internal function]: Revolt\EventLoop\Internal\AbstractDriver->Revolt\EventLoop\Internal\{closure}()
#4 /var/www/laravel-userbot.local/vendor/revolt/event-loop/src/EventLoop/Internal/AbstractDriver.php(497): Fiber->resume()
#5 /var/www/laravel-userbot.local/vendor/revolt/event-loop/src/EventLoop/Internal/AbstractDriver.php(553): Revolt\EventLoop\Internal\AbstractDriver->invokeCallbacks()
#6 [internal function]: Revolt\EventLoop\Internal\AbstractDriver->Revolt\EventLoop\Internal\{closure}()
#7 /var/www/laravel-userbot.local/vendor/revolt/event-loop/src/EventLoop/Internal/AbstractDriver.php(94): Fiber->resume()
#8 /var/www/laravel-userbot.local/vendor/revolt/event-loop/src/EventLoop/Internal/DriverSuspension.php(117): Revolt\EventLoop\Internal\AbstractDriver->Revolt\EventLoop\Internal\{closure}()
#9 /var/www/laravel-userbot.local/vendor/amphp/amp/src/Future.php(251): Revolt\EventLoop\Internal\DriverSuspension->suspend()
#10 /var/www/laravel-userbot.local/vendor/danog/madelineproto/src/Ipc/Server.php(165): Amp\Future->await()
#11 /var/www/laravel-userbot.local/vendor/danog/madelineproto/src/Ipc/Runner/entry.php(119): danog\MadelineProto\Ipc\Server::waitShutdown()
#12 /var/www/laravel-userbot.local/vendor/danog/madelineproto/src/Ipc/Runner/entry.php(154): danog\MadelineProto\Ipc\Runner\{closure}()
#13 {main}
Session:        	Can't garbage collect msgs_state_req with message ID 7348083208254651068 sent 5 seconds ago in DC 2, no response has been received or it wasn't yet handled!
Session:        	Can't garbage collect updates.getDifference with message ID 7348083208254663348 sent 5 seconds ago in DC 2, no response has been received or it wasn't yet handled!
Session:        	Can't garbage collect updates.getChannelDifference with message ID 7348083208254671364 sent 5 seconds ago in DC 2, no response has been received or it wasn't yet handled!
Session:        	Can't garbage collect updates.getChannelDifference with message ID 7348083208254676344 sent 5 seconds ago in DC 2, no response has been received or it wasn't yet handled!
Session:        	Can't garbage collect updates.getChannelDifference with message ID 7348083208254680972 sent 5 seconds ago in DC 2, no response has been received or it wasn't yet handled!
Session:        	Can't garbage collect updates.getChannelDifference with message ID 7348083208254685252 sent 5 seconds ago in DC 2, no response has been received or it wasn't yet handled!
Session:        	Can't garbage collect msgs_state_req with message ID 7348083208255101692 sent 5 seconds ago in DC 2, no response has been received or it wasn't yet handled!
Session:        	Garbage collected 7 outgoing messages in DC 2, 8 left
Session:        	Can't garbage collect incoming message resPQ in DC 2, not handled yet!
Session:        	Can't garbage collect incoming message resPQ in DC 2, not handled yet!
Session:        	Can't garbage collect incoming message resPQ in DC 2, not handled yet!
Session:        	Can't garbage collect incoming message resPQ in DC 2, not handled yet!
Session:        	Can't garbage collect incoming message resPQ in DC 2, not handled yet!
Session:        	Can't garbage collect incoming message resPQ in DC 2, not handled yet!
Session:        	Can't garbage collect incoming message resPQ in DC 2, not handled yet!
Session:        	Can't garbage collect incoming message resPQ in DC 2, not handled yet!
Session:        	Can't garbage collect incoming message resPQ in DC 2, not handled yet!
Session:        	Can't garbage collect incoming message resPQ in DC 2, not handled yet!
Session:        	Can't garbage collect incoming message resPQ in DC 2, not handled yet!
Session:        	Can't garbage collect incoming message resPQ in DC 2, not handled yet!
Session:        	Can't garbage collect incoming message resPQ in DC 2, not handled yet!
Session:        	Can't garbage collect incoming message resPQ in DC 2, not handled yet!
Session:        	Garbage collected 0 incoming messages in DC 2, 14 left
Session:        	Can't garbage collect updates.getDifference sent 585 seconds ago in DC 2, no response has been received or it wasn't yet handled!
Session:        	Can't garbage collect req_pq_multi with message ID 7348082645613440984 sent 10 seconds ago in DC 2, no response has been received or it wasn't yet handled!
Session:        	Garbage collected 0 outgoing messages in DC 2, 2 left
CheckLoop:      	Still missing req_pq_multi with message ID 7348082645613440984 sent 10 seconds ago on DC 2.0, resending
CheckLoop:      	Still missing updates.getDifference, updates.getChannelDifference, updates.getChannelDifference, updates.getChannelDifference, updates.getChannelDifference,  on DC 2.0, sending state request
MTProto:        	Prompting final serialization (SHUTDOWN)...
MTProto:        	Done final serialization (SHUTDOWN)!
MTProto:        	Shutting down MadelineProto (MTProto)
MTProto:        	Will unreference instance
DataCenterConnection: 	Disconnecting from shared DC 2
Connection:     	Disconnecting from DC 2.0
DataCenterConnection: 	Backed up auth.logOut, updates.getDifference,  from DC 2.0
Connection:     	Disconnected from DC 2.0
DataCenterConnection: 	Backed up 2, added to 0 existing messages) from DC 2
MTProto:        	Unreferenced instance
MTProto:        	Successfully destroyed MadelineProto
DataCenterConnection: 	Done initing auth for DC 2
MTProto:        	Prompting final serialization (SHUTDOWN)...
MTProto:        	Prompting final serialization (SHUTDOWN)...
